[INFO] Scanning for projects...
[INFO] 
[INFO] ------------------< com.pulsechat:pulsechat-backend >-------------------
[INFO] Building PulseChat Backend 1.0.0
[INFO]   from pom.xml
[INFO] --------------------------------[ jar ]---------------------------------
[INFO] 
[INFO] >>> spring-boot:3.2.3:run (default-cli) > test-compile @ pulsechat-backend >>>
[INFO] 
[INFO] --- resources:3.3.1:resources (default-resources) @ pulsechat-backend ---
[INFO] Copying 1 resource from src\main\resources to target\classes
[INFO] Copying 0 resource from src\main\resources to target\classes
[INFO] 
[INFO] --- compiler:3.11.0:compile (default-compile) @ pulsechat-backend ---
[INFO] Nothing to compile - all classes are up to date
[INFO] 
[INFO] --- resources:3.3.1:testResources (default-testResources) @ pulsechat-backend ---
[INFO] skip non existing resourceDirectory C:\Users\malik\OneDrive\Desktop\New folder\pulsechat-backend\src\test\resources
[INFO] 
[INFO] --- compiler:3.11.0:testCompile (default-testCompile) @ pulsechat-backend ---
[INFO] No sources to compile
[INFO] 
[INFO] <<< spring-boot:3.2.3:run (default-cli) < test-compile @ pulsechat-backend <<<
[INFO] 
[INFO] 
[INFO] --- spring-boot:3.2.3:run (default-cli) @ pulsechat-backend ---
[INFO] Attaching agents: []

  .   ____          _            __ _ _
 /\\ / ___'_ __ _ _(_)_ __  __ _ \ \ \ \
( ( )\___ | '_ | '_| | '_ \/ _` | \ \ \ \
 \\/  ___)| |_)| | | | | || (_| |  ) ) ) )
  '  |____| .__|_| |_|_| |_\__, | / / / /
 =========|_|==============|___/=/_/_/_/
 :: Spring Boot ::                (v3.2.3)

2026-02-27T04:32:13.538+05:00  INFO 21736 --- [           main] com.pulsechat.PulseChatApplication       : Starting PulseChatApplication using Java 17.0.18 with PID 21736 (C:\Users\malik\OneDrive\Desktop\New folder\pulsechat-backend\target\classes started by malik in C:\Users\malik\OneDrive\Desktop\New folder\pulsechat-backend)
2026-02-27T04:32:13.544+05:00  INFO 21736 --- [           main] com.pulsechat.PulseChatApplication       : No active profile set, falling back to 1 default profile: "default"
2026-02-27T04:32:14.666+05:00  INFO 21736 --- [           main] o.s.b.w.embedded.tomcat.TomcatWebServer  : Tomcat initialized with port 8080 (http)
2026-02-27T04:32:14.672+05:00  INFO 21736 --- [           main] o.apache.catalina.core.StandardService   : Starting service [Tomcat]
2026-02-27T04:32:14.672+05:00  INFO 21736 --- [           main] o.apache.catalina.core.StandardEngine    : Starting Servlet engine: [Apache Tomcat/10.1.19]
2026-02-27T04:32:14.741+05:00  INFO 21736 --- [           main] o.a.c.c.C.[Tomcat].[localhost].[/]       : Initializing Spring embedded WebApplicationContext
2026-02-27T04:32:14.742+05:00  INFO 21736 --- [           main] w.s.c.ServletWebServerApplicationContext : Root WebApplicationContext: initialization completed in 1123 ms
2026-02-27T04:32:15.366+05:00  INFO 21736 --- [           main] o.s.b.w.embedded.tomcat.TomcatWebServer  : Tomcat started on port 8080 (http) with context path ''
2026-02-27T04:32:15.373+05:00  INFO 21736 --- [           main] com.pulsechat.PulseChatApplication       : Started PulseChatApplication in 2.316 seconds (process running for 2.755)
^C